{
  "RSpec": {
    "coverage": {
      "/Users/student/Projects/bank_test/spec/features/print_transactions_spec.rb": [
        1,
        1,
        null,
        1,
        2,
        null,
        null,
        1,
        1,
        1,
        1,
        1,
        null,
        null,
        null,
        null,
        null
      ],
      "/Users/student/Projects/bank_test/lib/statement.rb": [
        1,
        null,
        1,
        null,
        1,
        1,
        null,
        null,
        null,
        1,
        1,
        null,
        null,
        1,
        0,
        0,
        0,
        null,
        null,
        null
      ],
      "/Users/student/Projects/bank_test/spec/unit/account_spec.rb": [
        1,
        null,
        1,
        null,
        4,
        null,
        null,
        1,
        null,
        null,
        1,
        null,
        1,
        1,
        null,
        null,
        null,
        1,
        null,
        1,
        1,
        null,
        null,
        1,
        1,
        null,
        null,
        1,
        1,
        1,
        null,
        null,
        1,
        1,
        1,
        1,
        null,
        null,
        1,
        1,
        null,
        null,
        null,
        1,
        null,
        1,
        1,
        null,
        null,
        1,
        1,
        1,
        null,
        null,
        1,
        1,
        null,
        null,
        1,
        1,
        1,
        null,
        null,
        null
      ],
      "/Users/student/Projects/bank_test/lib/account.rb": [
        1,
        null,
        1,
        10,
        10,
        null,
        null,
        1,
        1,
        null,
        null,
        1,
        8,
        1,
        null,
        7,
        7,
        7,
        null,
        null,
        null,
        1,
        6,
        1,
        null,
        5,
        5,
        5,
        null,
        null,
        null
      ],
      "/Users/student/Projects/bank_test/spec/unit/statement_spec.rb": [
        1,
        1,
        null,
        1,
        null,
        1,
        null,
        1,
        1,
        null,
        null,
        null
      ],
      "/Users/student/Projects/bank_test/spec/unit/transaction_spec.rb": [
        1,
        1,
        null,
        1,
        null,
        1,
        1,
        1,
        1,
        null,
        null,
        null,
        null,
        null,
        1,
        1,
        1,
        null,
        null,
        null,
        null,
        null,
        null
      ],
      "/Users/student/Projects/bank_test/lib/transaction.rb": [
        1,
        null,
        1,
        null,
        1,
        13,
        null,
        null,
        1,
        14,
        8,
        null,
        6,
        null,
        null,
        null,
        null,
        null
      ]
    },
    "timestamp": 1585248426
  }
}
